11:32:39 - INF - <module> - ('Servicio Iniciado',)
11:32:40 - INF - <module> - ('Servicio Iniciado',)
11:33:35 - INF - post - ('Ejecutando servicio de Login',)
11:35:52 - INF - post - ('Ejecutando servicio de Login',)
11:38:27 - INF - <module> - ('Servicio Finalizado',)
11:38:28 - INF - <module> - ('Servicio Iniciado',)
11:39:16 - INF - post - ('Ejecutando servicio de Login',)
11:40:10 - INF - <module> - ('Servicio Finalizado',)
11:40:10 - INF - <module> - ('Servicio Finalizado',)
11:41:05 - INF - <module> - ('Servicio Iniciado',)
11:41:05 - INF - <module> - ('Servicio Iniciado',)
11:41:19 - INF - post - ('Ejecutando servicio de Login',)
11:42:13 - INF - get - ('Ejecutando servicio de Listar Usuario',)
11:45:44 - INF - <module> - ('Servicio Finalizado',)
11:45:45 - INF - <module> - ('Servicio Iniciado',)
11:46:57 - INF - <module> - ('Servicio Finalizado',)
11:46:58 - INF - <module> - ('Servicio Finalizado',)
11:51:12 - INF - <module> - ('Servicio Iniciado',)
11:51:13 - INF - <module> - ('Servicio Iniciado',)
11:51:33 - INF - get - ('Ejecutando servicio de Listar Usuario',)
11:51:33 - INF - TokenValidate - ('Error al validar el token',)
11:51:43 - INF - post - ('Ejecutando servicio de Login',)
11:52:04 - INF - get - ('Ejecutando servicio de Listar Usuario',)
13:07:00 - INF - <module> - ('Servicio Finalizado',)
13:07:00 - INF - <module> - ('Servicio Finalizado',)
